<?xml version="1.0" encoding="UTF-8"?>
<!-- Generated by org.testng.reporters.JUnitXMLReporter -->
<testsuite ignored="0" hostname="Bineetha-PC" failures="1" tests="1" name="Test" time="0.751" errors="0" timestamp="2026-01-19T15:01:29 IST">
  <testcase classname="test.DemoTest" name="workFlow" time="0.0">
    <failure type="org.testng.TestNGException" message="
Data Provider public static java.lang.Object[][] test.DemoTest.loginData() throws java.lang.Exception returned a null value">
      <![CDATA[org.testng.TestNGException: 
Data Provider public static java.lang.Object[][] test.DemoTest.loginData() throws java.lang.Exception returned a null value
at java.base/java.util.ArrayList.forEach(ArrayList.java:1511)
... Removed 24 stack frames]]>
    </failure>
  </testcase> <!-- workFlow -->
</testsuite> <!-- Test -->
